#
# There is insufficient memory for the Java Runtime Environment to continue.
# Native memory allocation (mmap) failed to map 125829120 bytes for Failed to commit area from 0x0000000089400000 to 0x0000000090c00000 of length 125829120.
# Possible reasons:
#   The system is out of physical RAM or swap space
#   The process is running with CompressedOops enabled, and the Java Heap may be blocking the growth of the native heap
# Possible solutions:
#   Reduce memory load on the system
#   Increase physical memory or swap space
#   Check if swap backing store is full
#   Decrease Java heap size (-Xmx/-Xms)
#   Decrease number of Java threads
#   Decrease Java thread stack sizes (-Xss)
#   Set larger code cache with -XX:ReservedCodeCacheSize=
# This output file may be truncated or incomplete.
#
#  Out of Memory Error (./open/src/hotspot/os/windows/os_windows.cpp:3284), pid=5348, tid=2792
#
# JRE version:  (11.0.14+8) (build )
# Java VM: Java HotSpot(TM) 64-Bit Server VM (11.0.14+8-LTS-263, mixed mode, sharing, tiered, compressed oops, g1 gc, windows-amd64)
# No core dump will be written. Minidumps are not enabled by default on client versions of Windows
#

---------------  S U M M A R Y ------------

Command Line: -javaagent:C:\Users\82102\IntelliJ IDEA 2022.2\lib\idea_rt.jar=58112:C:\Users\82102\IntelliJ IDEA 2022.2\bin -Dfile.encoding=UTF-8 springbook.user.dao.JUnitTest

Host: AMD Ryzen 7 4800H with Radeon Graphics         , 16 cores, 7G,  Windows 10 , 64 bit Build 19041 (10.0.19041.2251)
Time: Thu Dec 15 20:50:04 2022 대한민국 표준시 elapsed time: 0.027224 seconds (0d 0h 0m 0s)

---------------  T H R E A D  ---------------

Current thread (0x00000257b5008800):  JavaThread "Unknown thread" [_thread_in_vm, id=2792, stack(0x000000635fc00000,0x000000635fd00000)]

Stack: [0x000000635fc00000,0x000000635fd00000]
Native frames: (J=compiled Java code, j=interpreted, Vv=VM code, C=native code)
V  [jvm.dll+0x6296da]
V  [jvm.dll+0x76323f]
V  [jvm.dll+0x7648e9]
V  [jvm.dll+0x764f73]
V  [jvm.dll+0x23d7c8]
V  [jvm.dll+0x626a5a]
V  [jvm.dll+0x61b7f5]
V  [jvm.dll+0x2f262c]
V  [jvm.dll+0x2f24b2]
V  [jvm.dll+0x2f71d6]
V  [jvm.dll+0x339bdf]
V  [jvm.dll+0x339610]
V  [jvm.dll+0x2cfc48]
V  [jvm.dll+0x2d0db6]
V  [jvm.dll+0x73d857]
V  [jvm.dll+0x73f0ef]
V  [jvm.dll+0x346909]
V  [jvm.dll+0x723160]
V  [jvm.dll+0x3b551f]
V  [jvm.dll+0x3b7631]
C  [jli.dll+0x5207]
C  [ucrtbase.dll+0x21bb2]
C  [KERNEL32.DLL+0x174b4]
C  [ntdll.dll+0x526a1]


---------------  P R O C E S S  ---------------

Threads class SMR info:
_java_thread_list=0x00000257b4d5fd60, length=0, elements={
}

Java Threads: ( => current thread )

Other Threads:
  0x00000257b501d800 GCTaskThread "GC Thread#0" [stack: 0x000000635fd00000,0x000000635fe00000] [id=2832]
  0x00000257b504d000 ConcurrentGCThread "G1 Main Marker" [stack: 0x000000635fe00000,0x000000635ff00000] [id=11100]
  0x00000257b5050000 ConcurrentGCThread "G1 Conc#0" [stack: 0x000000635ff00000,0x0000006360000000] [id=21808]

[error occurred during error reporting (printing all threads), id 0xc0000005, EXCEPTION_ACCESS_VIOLATION (0xc0000005) at pc=0x00007ffffe5feed7]

VM state:not at safepoint (not fully initialized)

VM Mutex/Monitor currently owned by a thread:  ([mutex/lock_event])
[0x00000257b5003850] Heap_lock - owner thread: 0x00000257b5008800

Heap address: 0x0000000089400000, size: 1900 MB, Compressed Oops mode: Non-zero based: 0x0000000089400000
Narrow klass base: 0x0000000000000000, Narrow klass shift: 0

GC Heap History (0 events):
No events

Deoptimization events (0 events):
No events

Classes redefined (0 events):
No events

Internal exceptions (0 events):
No events

Events (0 events):
No events


Dynamic libraries:
0x00007ff65e310000 - 0x00007ff65e31f000 	C:\jdk-11.0.14\bin\java.exe
0x00007ff86e8d0000 - 0x00007ff86eac8000 	C:\Windows\SYSTEM32\ntdll.dll
0x00007ff86d450000 - 0x00007ff86d50f000 	C:\Windows\System32\KERNEL32.DLL
0x00007ff86bfd0000 - 0x00007ff86c2a2000 	C:\Windows\System32\KERNELBASE.dll
0x00007ff86c2b0000 - 0x00007ff86c3b0000 	C:\Windows\System32\ucrtbase.dll
0x00007ff863c10000 - 0x00007ff863c25000 	C:\jdk-11.0.14\bin\VCRUNTIME140.dll
0x00007ff863c30000 - 0x00007ff863c48000 	C:\jdk-11.0.14\bin\jli.dll
0x00007ff86ca10000 - 0x00007ff86cabe000 	C:\Windows\System32\ADVAPI32.dll
0x00007ff86d6b0000 - 0x00007ff86d74e000 	C:\Windows\System32\msvcrt.dll
0x00007ff86e570000 - 0x00007ff86e60c000 	C:\Windows\System32\sechost.dll
0x00007ff86cb40000 - 0x00007ff86cc65000 	C:\Windows\System32\RPCRT4.dll
0x00007ff86d510000 - 0x00007ff86d6ad000 	C:\Windows\System32\USER32.dll
0x00007ff86c670000 - 0x00007ff86c692000 	C:\Windows\System32\win32u.dll
0x00007ff86e800000 - 0x00007ff86e82b000 	C:\Windows\System32\GDI32.dll
0x00007ff857400000 - 0x00007ff85769a000 	C:\Windows\WinSxS\amd64_microsoft.windows.common-controls_6595b64144ccf1df_6.0.19041.1110_none_60b5254171f9507e\COMCTL32.dll
0x00007ff86c730000 - 0x00007ff86c83f000 	C:\Windows\System32\gdi32full.dll
0x00007ff86c5d0000 - 0x00007ff86c66d000 	C:\Windows\System32\msvcp_win.dll
0x00007ff863cc0000 - 0x00007ff863cca000 	C:\Windows\SYSTEM32\VERSION.dll
0x00007ff86d140000 - 0x00007ff86d172000 	C:\Windows\System32\IMM32.DLL
0x00007ff835e20000 - 0x00007ff835ebb000 	C:\jdk-11.0.14\bin\msvcp140.dll
0x00007ffffe320000 - 0x00007ffffee36000 	C:\jdk-11.0.14\bin\server\jvm.dll
0x00007ff86ca00000 - 0x00007ff86ca08000 	C:\Windows\System32\PSAPI.DLL
0x00007ff8603a0000 - 0x00007ff8603c7000 	C:\Windows\SYSTEM32\WINMM.dll
0x00007ff85b570000 - 0x00007ff85b579000 	C:\Windows\SYSTEM32\WSOCK32.dll
0x00007ff86d2c0000 - 0x00007ff86d32b000 	C:\Windows\System32\WS2_32.dll
0x00007ff869d50000 - 0x00007ff869d62000 	C:\Windows\SYSTEM32\kernel.appcore.dll
0x00007ff863c00000 - 0x00007ff863c10000 	C:\jdk-11.0.14\bin\verify.dll
0x00007ff85f9f0000 - 0x00007ff85fbd4000 	C:\Windows\SYSTEM32\DBGHELP.DLL
0x00007ff859cf0000 - 0x00007ff859d1c000 	C:\Windows\SYSTEM32\dbgcore.DLL
0x00007ff86c6a0000 - 0x00007ff86c722000 	C:\Windows\System32\bcryptPrimitives.dll
0x00007ff862ae0000 - 0x00007ff862b08000 	C:\jdk-11.0.14\bin\java.dll
0x00007ff863bf0000 - 0x00007ff863bfa000 	C:\jdk-11.0.14\bin\jimage.dll
0x00007ff85f0c0000 - 0x00007ff85f0ce000 	C:\jdk-11.0.14\bin\instrument.dll
0x00007ff862ac0000 - 0x00007ff862ad6000 	C:\jdk-11.0.14\bin\zip.dll

dbghelp: loaded successfully - version: 4.0.5 - missing functions: none
symbol engine: initialized successfully - sym options: 0x614 - pdb path: .;C:\jdk-11.0.14\bin;C:\Windows\SYSTEM32;C:\Windows\WinSxS\amd64_microsoft.windows.common-controls_6595b64144ccf1df_6.0.19041.1110_none_60b5254171f9507e;C:\jdk-11.0.14\bin\server

VM Arguments:
jvm_args: -javaagent:C:\Users\82102\IntelliJ IDEA 2022.2\lib\idea_rt.jar=58112:C:\Users\82102\IntelliJ IDEA 2022.2\bin -Dfile.encoding=UTF-8 
java_command: springbook.user.dao.JUnitTest
java_class_path (initial): C:\Users\82102\Desktop\토비 스프링\springbook3\target\classes;C:\Program Files (x86)\MySQL\Connector J 8.0\mysql-connector-java-8.0.30.jar;C:\Users\82102\.m2\repository\org\springframework\spring-web\5.1.9.RELEASE\spring-web-5.1.9.RELEASE.jar;C:\Users\82102\.m2\repository\org\springframework\spring-beans\5.1.9.RELEASE\spring-beans-5.1.9.RELEASE.jar;C:\Users\82102\.m2\repository\org\springframework\spring-core\5.1.9.RELEASE\spring-core-5.1.9.RELEASE.jar;C:\Users\82102\.m2\repository\org\springframework\spring-jcl\5.1.9.RELEASE\spring-jcl-5.1.9.RELEASE.jar;C:\Users\82102\.m2\repository\org\springframework\spring-webmvc\5.1.9.RELEASE\spring-webmvc-5.1.9.RELEASE.jar;C:\Users\82102\.m2\repository\org\springframework\spring-aop\5.1.9.RELEASE\spring-aop-5.1.9.RELEASE.jar;C:\Users\82102\.m2\repository\org\springframework\spring-context\5.1.9.RELEASE\spring-context-5.1.9.RELEASE.jar;C:\Users\82102\.m2\repository\org\springframework\spring-expression\5.1.9.RELEASE\spring-expression-5.1.9.RELEASE.jar;C:\Users\82102\.m2\repository\javax\servlet\servlet-api\2.5\servlet-api-2.5.jar;C:\Users\82102\.m2\repository\org\springframework\spring-asm\3.0.7.RELEASE\spring-asm-3.0.7.RELEASE.jar;C:\Users\82102\.m2\repository\org\springframework\spring-jdbc\3.0.7.RELEASE\spring-jdbc-3.0.7.RELEASE.jar;C:\Users\82102\.m2\repository\org\springframework\spring-tx\3.0.7.RELEASE\spring-tx-3.0.7.RELEASE.jar;C:\Users\82102\.m2\repository\aopalliance\aopalliance\1.0\aopalliance-1.0.jar;C:\Users\82102\Desktop\토비 스프링\com.springsource.org.junit-4.7.0.jar;C:\Users\82102\.m2\repository\org\hamcrest\hamcrest-core\1.3\hamcrest-core-1.3.jar;C:\toby\com.springsource.javax.activation-1.1.1.jar;C:\toby\com.springsource.javax.mail-1.4.0.jar;C:\toby\com.springsource.org.junit-4.7.0.jar;C:\toby\org.springframework.context.support-3.0.6.release.jar;C:\toby\com.springsource.org.apache.commons.logging-1.1.1.jar
Launcher Type: SUN_STANDARD

[Global flags]
     intx CICompilerCount                          = 12                                        {product} {ergonomic}
     uint ConcGCThreads                            = 3                                         {product} {ergonomic}
     uint G1ConcRefinementThreads                  = 13                                        {product} {ergonomic}
   size_t G1HeapRegionSize                         = 1048576                                   {product} {ergonomic}
    uintx GCDrainStackTargetSize                   = 64                                        {product} {ergonomic}
   size_t InitialHeapSize                          = 125829120                                 {product} {ergonomic}
   size_t MarkStackSize                            = 4194304                                   {product} {ergonomic}
   size_t MaxHeapSize                              = 1992294400                                {product} {ergonomic}
   size_t MinHeapDeltaBytes                        = 1048576                                   {product} {ergonomic}
    uintx NonNMethodCodeHeapSize                   = 7594288                                {pd product} {ergonomic}
    uintx NonProfiledCodeHeapSize                  = 122031976                              {pd product} {ergonomic}
    uintx ProfiledCodeHeapSize                     = 122031976                              {pd product} {ergonomic}
    uintx ReservedCodeCacheSize                    = 251658240                              {pd product} {ergonomic}
     bool SegmentedCodeCache                       = true                                      {product} {ergonomic}
     bool UseCompressedClassPointers               = true                                 {lp64_product} {ergonomic}
     bool UseCompressedOops                        = true                                 {lp64_product} {ergonomic}
     bool UseG1GC                                  = true                                      {product} {ergonomic}
     bool UseLargePagesIndividualAllocation        = false                                  {pd product} {ergonomic}

Logging:
Log output configuration:
 #0: stdout all=warning uptime,level,tags
 #1: stderr all=off uptime,level,tags

Environment Variables:
JAVA_HOME=C:\jdk-11.0.14
CLASSPATH=C:\java\eclipse-workspace_java5\ch06\bin
PATH=C:\Program Files\Common Files\Oracle\Java\javapath;C:\Windows\system32;C:\Windows;C:\Windows\System32\Wbem;C:\Windows\System32\WindowsPowerShell\v1.0\;C:\Windows\System32\OpenSSH\;C:\jdk-11.0.14\bin;C:\Program Files\Git\cmd;C:\Program Files\Docker\Docker\resources\bin;C:\ProgramData\DockerDesktop\version-bin;C:\Program Files\PuTTY\;C:\Program Files\MySQL\MySQL Server 8.0\bin;C:\Users\82102\AppData\Local\Programs\Python\Python310\Scripts\;C:\Users\82102\AppData\Local\Programs\Python\Python310\;C:\Program Files\Common Files\Oracle\Java\javapath;C:\Windows\system32;C:\Windows;C:\Windows\System32\Wbem;C:\Windows\System32\WindowsPowerShell\v1.0\;C:\Windows\System32\OpenSSH\;C:\jdk-11.0.14\bin;C:\Users\82102\AppData\Local\Microsoft\WindowsApps;C:\Users\82102\Desktop\새 폴더;C:\Program Files\JetBrains\IntelliJ IDEA Community Edition 2022.1.3\bin;;C:\jdk-11.0.14\bin;C:\apache-tomcat-8.5.81\bin;C:\Program Files\MySQL\MySQL Server 5.7\bin;C:\Windows\System32;;C:\Users\82102\IntelliJ IDEA 2022.2\bin;;C:\Users\82102\AppData\Local\Programs\Microsoft VS Code\bin
USERNAME=82102
OS=Windows_NT
PROCESSOR_IDENTIFIER=AMD64 Family 23 Model 96 Stepping 1, AuthenticAMD



---------------  S Y S T E M  ---------------

OS: Windows 10 , 64 bit Build 19041 (10.0.19041.2251)
Hyper-V role detected

CPU:total 16 (initial active 16) (16 cores per cpu, 2 threads per core) family 23 model 96 stepping 1 microcode 0x0, cmov, cx8, fxsr, mmx, sse, sse2, sse3, ssse3, sse4.1, sse4.2, popcnt, avx, avx2, aes, clmul, mmxext, 3dnowpref, lzcnt, sse4a, ht, tsc, tscinvbit, tscinv, bmi1, bmi2, adx, 

Memory: 4k page, system-wide physical 7598M (745M free)
TotalPageFile size 15790M (AvailPageFile size 63M)
current process WorkingSet (physical memory assigned to process): 10M, peak: 10M
current process commit charge ("private bytes"): 70M, peak: 190M

vm_info: Java HotSpot(TM) 64-Bit Server VM (11.0.14+8-LTS-263) for windows-amd64 JRE (11.0.14+8-LTS-263), built on Dec  7 2021 21:53:57 by "mach5one" with MS VC++ 15.9 (VS2017)

END.
